<?xml version="1.0" encoding="utf-8"?><testsuites name="pytest tests"><testsuite name="pytest" errors="0" failures="0" skipped="0" tests="32" time="118.136" timestamp="2026-09-07T21:17:48.038655-07:00" hostname="Shens-MBP.lan"><testcase classname="tests.test_v13_tip_local_proposals" name="test_frozen_failure_classification_and_unchanged_guard" time="0.050" /><testcase classname="tests.test_v13_tip_local_proposals" name="test_cross_tip_close_completions_partition_full_event_identity" time="0.031" /><testcase classname="tests.test_v13_tip_local_proposals" name="test_global_earliest_selected_and_other_event_pending" time="0.000" /><testcase classname="tests.test_v13_tip_local_proposals" name="test_nonselected_clock_rng_and_ordinals_unchanged_by_transaction" time="0.000" /><testcase classname="tests.test_v13_tip_local_proposals" name="test_selected_owner_renewal_exactly_once" time="0.001" /><testcase classname="tests.test_v13_tip_local_proposals" name="test_same_tip_marked_birth_primary_once_companion_not_consumed" time="14.796" /><testcase classname="tests.test_v13_tip_local_proposals" name="test_one_tip_structural_coalescence_does_not_consume_other_tip" time="0.000" /><testcase classname="tests.test_v13_tip_local_proposals" name="test_corrected_geometry_energy_charged_once" time="0.001" /><testcase classname="tests.test_v13_tip_local_proposals" name="test_actual_corrected_checkpoint_reload_owner_registry" time="7.032" /><testcase classname="tests.test_v13_tip_local_proposals" name="test_same_tip_proposals_identical_and_original_checkpoint_pinned" time="0.004" /><testcase classname="tests.test_v13_primary_race_frozen_production" name="test_actual_production_callback_matches_archived_frozen_race[event00002-Peak_1000K]" time="11.822" /><testcase classname="tests.test_v13_primary_race_frozen_production" name="test_actual_production_callback_matches_archived_frozen_race[event00002-weakT_1000K]" time="12.075" /><testcase classname="tests.test_v13_primary_race_frozen_production" name="test_actual_production_callback_matches_archived_frozen_race[event00008-Peak_1000K]" time="11.831" /><testcase classname="tests.test_v13_primary_race_frozen_production" name="test_actual_production_callback_matches_archived_frozen_race[event00008-weakT_1000K]" time="11.647" /><testcase classname="tests.test_v13_primary_race_frozen_production" name="test_actual_production_callback_matches_archived_frozen_race[event00015-Peak_1000K]" time="11.271" /><testcase classname="tests.test_v13_primary_race_frozen_production" name="test_actual_production_callback_matches_archived_frozen_race[event00015-weakT_1000K]" time="11.722" /><testcase classname="tests.test_v13_primary_race_frozen_production" name="test_actual_production_callback_matches_archived_frozen_race[event00029-Peak_1000K]" time="12.387" /><testcase classname="tests.test_v13_primary_race_frozen_production" name="test_actual_production_callback_matches_archived_frozen_race[event00029-weakT_1000K]" time="12.741" /><testcase classname="tests.test_v13_clean_parent_capture" name="test_canonical_parent_body_unchanged_except_default_off_capture" time="0.048" /><testcase classname="tests.test_v13_clean_parent_capture" name="test_first_parent_capture_has_no_historical_restore_path" time="0.004" /><testcase classname="tests.test_v13_clean_parent_capture" name="test_physical_sensitivity_preregistered_before_launch" time="0.000" /><testcase classname="tests.test_v13_clean_parent_capture" name="test_actual_entry_uses_the_same_pinned_four_class_registry" time="0.001" /><testcase classname="tests.test_v13_clean_parent_capture" name="test_extracted_process_hook_keeps_diagnostic_tip_aliases_defined" time="0.009" /><testcase classname="tests.test_v13_clean_parent_capture" name="test_first_parent_terminal_label_is_supported_without_rerun" time="0.001" /><testcase classname="tests.test_v13_clean_parent_capture" name="test_every_driver_topology_snapshot_call_supplies_required_arguments" time="0.014" /><testcase classname="tests.test_v13_clean_parent_capture" name="test_existing_daughter_stop_status_can_be_published_without_mechanics" time="0.001" /><testcase classname="tests.test_v11_production_step_loop" name="test_no_event_interval_updates_shared_state_once_without_trials" time="0.001" /><testcase classname="tests.test_v11_production_step_loop" name="test_a1_a2_a12_are_sibling_trials_and_admissible_a12_wins" time="0.001" /><testcase classname="tests.test_v11_production_step_loop" name="test_rejected_a12_rolls_back_then_earliest_admissible_arm_commits" time="0.000" /><testcase classname="tests.test_v11_production_step_loop" name="test_rejected_trial_returning_modified_state_fails_closed" time="0.000" /><testcase classname="tests.test_v11_production_step_loop" name="test_adaptive_gate_rejects_unresolved_multi_event_interval_before_mutation" time="0.000" /><testcase classname="tests.test_v11_production_step_loop" name="test_pending_multi_tip_event_is_revalidated_against_current_signed_J" time="0.001" /></testsuite></testsuites>